TN:
SF:controllers/aiController.js
FN:12,(anonymous_0)
FN:39,(anonymous_1)
FN:40,(anonymous_2)
FN:80,(anonymous_3)
FNF:4
FNH:4
FNDA:6,(anonymous_0)
FNDA:2,(anonymous_1)
FNDA:2,(anonymous_2)
FNDA:3,(anonymous_3)
DA:5,1
DA:12,1
DA:13,6
DA:14,6
DA:16,6
DA:17,1
DA:20,5
DA:21,1
DA:24,4
DA:26,4
DA:27,4
DA:29,1
DA:33,3
DA:34,1
DA:37,1
DA:39,2
DA:40,2
DA:49,1
DA:50,1
DA:65,1
DA:67,2
DA:70,4
DA:71,4
DA:72,4
DA:74,0
DA:80,1
DA:81,3
DA:82,3
DA:83,2
DA:84,1
DA:87,1
DA:89,1
LF:32
LH:31
BRDA:16,0,0,1
BRDA:16,0,1,5
BRDA:20,1,0,1
BRDA:20,1,1,4
BRDA:49,2,0,1
BRDA:49,2,1,0
BRDA:70,3,0,4
BRDA:70,3,1,0
BRDA:70,4,0,4
BRDA:70,4,1,4
BRDA:83,5,0,1
BRDA:83,5,1,1
BRDA:87,6,0,1
BRDA:87,6,1,0
BRF:14
BRH:11
end_of_record
TN:
SF:controllers/imageAnalysisController.js
FN:5,(anonymous_0)
FN:75,(anonymous_1)
FN:91,(anonymous_2)
FN:109,(anonymous_3)
FN:137,(anonymous_4)
FNF:5
FNH:0
FNDA:0,(anonymous_0)
FNDA:0,(anonymous_1)
FNDA:0,(anonymous_2)
FNDA:0,(anonymous_3)
FNDA:0,(anonymous_4)
DA:5,0
DA:6,0
DA:7,0
DA:8,0
DA:10,0
DA:11,0
DA:12,0
DA:16,0
DA:17,0
DA:18,0
DA:19,0
DA:23,0
DA:24,0
DA:25,0
DA:26,0
DA:30,0
DA:33,0
DA:34,0
DA:55,0
DA:61,0
DA:62,0
DA:65,0
DA:66,0
DA:67,0
DA:69,0
DA:75,0
DA:76,0
DA:77,0
DA:78,0
DA:79,0
DA:83,0
DA:84,0
DA:85,0
DA:88,0
DA:89,0
DA:90,0
DA:91,0
DA:94,0
DA:104,0
DA:105,0
DA:109,0
DA:110,0
DA:111,0
DA:113,0
DA:114,0
DA:115,0
DA:116,0
DA:120,0
DA:126,0
DA:127,0
DA:130,0
DA:132,0
DA:133,0
DA:137,0
DA:138,0
DA:139,0
DA:140,0
DA:142,0
DA:143,0
DA:144,0
DA:145,0
DA:149,0
DA:162,0
DA:163,0
DA:166,0
DA:168,0
DA:169,0
LF:67
LH:0
BRDA:8,0,0,0
BRDA:8,0,1,0
BRDA:11,1,0,0
BRDA:11,1,1,0
BRDA:17,2,0,0
BRDA:17,2,1,0
BRDA:24,3,0,0
BRDA:24,3,1,0
BRDA:33,4,0,0
BRDA:33,4,1,0
BRDA:62,5,0,0
BRDA:62,5,1,0
BRDA:65,6,0,0
BRDA:65,6,1,0
BRDA:65,7,0,0
BRDA:65,7,1,0
BRDA:78,8,0,0
BRDA:78,8,1,0
BRDA:83,9,0,0
BRDA:83,9,1,0
BRDA:84,10,0,0
BRDA:84,10,1,0
BRDA:88,11,0,0
BRDA:88,11,1,0
BRDA:115,12,0,0
BRDA:115,12,1,0
BRDA:126,13,0,0
BRDA:126,13,1,0
BRDA:144,14,0,0
BRDA:144,14,1,0
BRDA:162,15,0,0
BRDA:162,15,1,0
BRF:32
BRH:0
end_of_record
TN:
SF:controllers/userController.js
FN:6,(anonymous_0)
FN:16,(anonymous_1)
FN:30,(anonymous_2)
FN:69,(anonymous_3)
FNF:4
FNH:2
FNDA:0,(anonymous_0)
FNDA:0,(anonymous_1)
FNDA:9,(anonymous_2)
FNDA:7,(anonymous_3)
DA:6,2
DA:7,0
DA:8,0
DA:9,0
DA:11,0
DA:16,2
DA:17,0
DA:18,0
DA:19,0
DA:21,0
DA:22,0
DA:24,0
DA:26,0
DA:30,2
DA:31,9
DA:32,9
DA:34,9
DA:35,9
DA:39,0
DA:40,0
DA:44,0
DA:45,0
DA:49,0
DA:50,0
DA:54,0
DA:55,0
DA:56,0
DA:59,0
DA:64,0
DA:65,0
DA:69,2
DA:70,7
DA:71,7
DA:72,5
DA:73,3
DA:76,2
DA:81,2
LF:37
LH:14
BRDA:19,0,0,0
BRDA:19,0,1,0
BRDA:34,1,0,9
BRDA:34,1,1,0
BRDA:34,2,0,9
BRDA:34,2,1,7
BRDA:34,2,2,0
BRDA:39,3,0,0
BRDA:39,3,1,0
BRDA:44,4,0,0
BRDA:44,4,1,0
BRDA:49,5,0,0
BRDA:49,5,1,0
BRDA:55,6,0,0
BRDA:55,6,1,0
BRDA:72,7,0,3
BRDA:72,7,1,2
BRF:17
BRH:5
end_of_record
TN:
SF:middleware/authMiddleware.js
FN:4,(anonymous_0)
FN:29,(anonymous_1)
FNF:2
FNH:2
FNDA:4,(anonymous_0)
FNDA:1,(anonymous_1)
DA:4,3
DA:7,4
DA:8,3
DA:9,3
DA:10,3
DA:12,2
DA:13,2
DA:14,1
DA:17,1
DA:18,1
DA:20,2
DA:24,4
DA:25,1
DA:29,3
DA:30,1
LF:15
LH:15
BRDA:7,0,0,3
BRDA:7,0,1,1
BRDA:7,1,0,4
BRDA:7,1,1,3
BRDA:13,2,0,1
BRDA:13,2,1,1
BRDA:24,3,0,1
BRDA:24,3,1,3
BRF:8
BRH:8
end_of_record
TN:
SF:middleware/errorMiddleware.js
FN:5,(anonymous_0)
FN:16,(anonymous_1)
FN:21,(anonymous_2)
FN:26,(anonymous_3)
FN:32,(anonymous_4)
FN:33,(anonymous_5)
FN:38,(anonymous_6)
FN:55,(anonymous_7)
FN:84,(anonymous_8)
FN:104,(anonymous_9)
FN:105,(anonymous_10)
FNF:11
FNH:11
FNDA:7,(anonymous_0)
FNDA:1,(anonymous_1)
FNDA:1,(anonymous_2)
FNDA:1,(anonymous_3)
FNDA:1,(anonymous_4)
FNDA:2,(anonymous_5)
FNDA:1,(anonymous_6)
FNDA:6,(anonymous_7)
FNDA:7,(anonymous_8)
FNDA:2,(anonymous_9)
FNDA:2,(anonymous_10)
DA:6,7
DA:7,7
DA:8,7
DA:9,7
DA:11,7
DA:16,1
DA:17,1
DA:21,1
DA:22,1
DA:26,1
DA:27,1
DA:28,1
DA:32,1
DA:33,2
DA:34,1
DA:38,1
DA:39,1
DA:46,1
DA:55,1
DA:57,6
DA:58,5
DA:63,5
DA:70,1
DA:76,1
DA:84,1
DA:85,7
DA:86,7
DA:88,7
DA:89,1
DA:91,6
DA:92,6
DA:94,6
DA:95,6
DA:96,6
DA:97,6
DA:99,6
DA:104,1
DA:105,2
DA:106,2
LF:39
LH:39
BRDA:8,0,0,6
BRDA:8,0,1,1
BRDA:57,1,0,5
BRDA:57,1,1,1
BRDA:85,2,0,7
BRDA:85,2,1,5
BRDA:86,3,0,7
BRDA:86,3,1,5
BRDA:88,4,0,1
BRDA:88,4,1,6
BRDA:94,5,0,1
BRDA:94,5,1,5
BRDA:95,6,0,1
BRDA:95,6,1,5
BRDA:96,7,0,1
BRDA:96,7,1,5
BRDA:97,8,0,1
BRDA:97,8,1,5
BRF:18
BRH:18
end_of_record
TN:
SF:middleware/validateMiddleware.js
FN:4,(anonymous_0)
FN:15,(anonymous_1)
FNF:2
FNH:2
FNDA:7,(anonymous_0)
FNDA:4,(anonymous_1)
DA:4,1
DA:5,7
DA:6,7
DA:7,5
DA:9,2
DA:13,1
DA:16,4
DA:17,1
DA:20,3
DA:27,3
DA:28,1
DA:31,2
DA:32,2
DA:33,1
DA:36,1
DA:42,1
LF:16
LH:16
BRDA:6,0,0,5
BRDA:6,0,1,2
BRDA:16,1,0,1
BRDA:16,1,1,3
BRDA:27,2,0,1
BRDA:27,2,1,2
BRDA:32,3,0,1
BRDA:32,3,1,1
BRF:8
BRH:8
end_of_record
TN:
SF:models/User.js
FNF:0
FNH:0
DA:3,3
DA:79,3
LF:2
LH:2
BRF:0
BRH:0
end_of_record
TN:
SF:routes/apiRoutes.js
FN:58,(anonymous_0)
FN:60,(anonymous_1)
FN:61,(anonymous_2)
FNF:3
FNH:0
FNDA:0,(anonymous_0)
FNDA:0,(anonymous_1)
FNDA:0,(anonymous_2)
DA:17,0
DA:18,0
DA:21,0
DA:22,0
DA:25,0
DA:31,0
DA:34,0
DA:40,0
DA:45,0
DA:50,0
DA:56,0
DA:59,0
DA:60,0
DA:61,0
DA:62,0
DA:63,0
DA:65,0
DA:69,0
DA:70,0
DA:73,0
DA:74,0
DA:78,0
DA:79,0
DA:81,0
DA:82,0
DA:83,0
DA:85,0
DA:88,0
DA:91,0
DA:92,0
DA:100,0
DA:107,0
DA:108,0
DA:110,0
DA:113,0
DA:118,0
DA:119,0
DA:120,0
DA:122,0
DA:125,0
LF:40
LH:0
BRDA:62,0,0,0
BRDA:62,0,1,0
BRDA:69,1,0,0
BRDA:69,1,1,0
BRDA:73,2,0,0
BRDA:73,2,1,0
BRDA:81,3,0,0
BRDA:81,3,1,0
BRDA:81,4,0,0
BRDA:81,4,1,0
BRDA:118,5,0,0
BRDA:118,5,1,0
BRDA:118,6,0,0
BRDA:118,6,1,0
BRF:14
BRH:0
end_of_record
