TN:
SF:controllers/aiController.js
FN:11,(anonymous_0)
FN:82,(anonymous_1)
FNF:2
FNH:2
FNDA:13,(anonymous_0)
FNDA:7,(anonymous_1)
DA:4,3
DA:11,3
DA:12,13
DA:13,13
DA:15,13
DA:16,2
DA:19,11
DA:20,2
DA:23,9
DA:25,9
DA:26,9
DA:28,2
DA:32,7
DA:51,7
DA:52,6
DA:67,6
DA:69,1
DA:72,9
DA:73,8
DA:74,8
DA:76,1
DA:82,3
DA:83,7
DA:84,7
DA:85,5
DA:86,2
DA:89,3
DA:91,2
LF:28
LH:28
BRDA:15,0,0,2
BRDA:15,0,1,11
BRDA:19,1,0,2
BRDA:19,1,1,9
BRDA:51,2,0,6
BRDA:51,2,1,1
BRDA:72,3,0,8
BRDA:72,3,1,1
BRDA:72,4,0,9
BRDA:72,4,1,9
BRDA:85,5,0,2
BRDA:85,5,1,3
BRDA:89,6,0,3
BRDA:89,6,1,1
BRF:14
BRH:14
end_of_record
TN:
SF:controllers/imageAnalysisController.js
FN:5,(anonymous_0)
FN:75,(anonymous_1)
FN:91,(anonymous_2)
FN:109,(anonymous_3)
FN:137,(anonymous_4)
FNF:5
FNH:4
FNDA:7,(anonymous_0)
FNDA:5,(anonymous_1)
FNDA:0,(anonymous_2)
FNDA:4,(anonymous_3)
FNDA:4,(anonymous_4)
DA:5,2
DA:6,7
DA:7,7
DA:8,7
DA:10,7
DA:11,7
DA:12,1
DA:16,6
DA:17,6
DA:18,1
DA:19,1
DA:23,5
DA:24,5
DA:25,1
DA:26,1
DA:30,4
DA:33,3
DA:34,2
DA:55,3
DA:61,1
DA:62,1
DA:65,7
DA:66,6
DA:67,6
DA:69,1
DA:75,2
DA:76,5
DA:77,5
DA:78,4
DA:79,1
DA:83,3
DA:84,3
DA:85,3
DA:88,3
DA:89,3
DA:90,3
DA:91,0
DA:94,3
DA:104,1
DA:105,1
DA:109,2
DA:110,4
DA:111,4
DA:113,4
DA:114,4
DA:115,4
DA:116,1
DA:120,3
DA:126,2
DA:127,1
DA:130,1
DA:132,1
DA:133,1
DA:137,2
DA:138,4
DA:139,4
DA:140,4
DA:142,4
DA:143,4
DA:144,4
DA:145,1
DA:149,3
DA:162,2
DA:163,1
DA:166,1
DA:168,1
DA:169,1
LF:67
LH:66
BRDA:8,0,0,7
BRDA:8,0,1,7
BRDA:11,1,0,1
BRDA:11,1,1,6
BRDA:17,2,0,1
BRDA:17,2,1,5
BRDA:24,3,0,1
BRDA:24,3,1,4
BRDA:33,4,0,2
BRDA:33,4,1,1
BRDA:62,5,0,1
BRDA:62,5,1,0
BRDA:65,6,0,6
BRDA:65,6,1,1
BRDA:65,7,0,7
BRDA:65,7,1,6
BRDA:78,8,0,1
BRDA:78,8,1,3
BRDA:83,9,0,3
BRDA:83,9,1,2
BRDA:84,10,0,3
BRDA:84,10,1,2
BRDA:88,11,0,3
BRDA:88,11,1,1
BRDA:115,12,0,1
BRDA:115,12,1,3
BRDA:126,13,0,1
BRDA:126,13,1,1
BRDA:144,14,0,1
BRDA:144,14,1,3
BRDA:162,15,0,1
BRDA:162,15,1,1
BRF:32
BRH:31
end_of_record
TN:
SF:controllers/userController.js
FN:4,(anonymous_0)
FN:27,(anonymous_1)
FNF:2
FNH:2
FNDA:9,(anonymous_0)
FNDA:7,(anonymous_1)
DA:4,3
DA:5,9
DA:6,9
DA:8,9
DA:9,2
DA:12,7
DA:14,5
DA:15,3
DA:18,4
DA:23,3
DA:27,3
DA:28,7
DA:29,7
DA:30,5
DA:31,2
DA:34,3
DA:39,2
LF:17
LH:17
BRDA:8,0,0,2
BRDA:8,0,1,7
BRDA:14,1,0,3
BRDA:14,1,1,2
BRDA:30,2,0,2
BRDA:30,2,1,3
BRF:6
BRH:6
end_of_record
TN:
SF:middleware/authMiddleware.js
FN:4,(anonymous_0)
FN:29,(anonymous_1)
FNF:2
FNH:2
FNDA:4,(anonymous_0)
FNDA:1,(anonymous_1)
DA:4,3
DA:7,4
DA:8,3
DA:9,3
DA:10,3
DA:12,2
DA:13,2
DA:14,1
DA:17,1
DA:18,1
DA:20,2
DA:24,4
DA:25,1
DA:29,3
DA:30,1
LF:15
LH:15
BRDA:7,0,0,3
BRDA:7,0,1,1
BRDA:7,1,0,4
BRDA:7,1,1,3
BRDA:13,2,0,1
BRDA:13,2,1,1
BRDA:24,3,0,1
BRDA:24,3,1,3
BRF:8
BRH:8
end_of_record
TN:
SF:middleware/errorMiddleware.js
FN:5,(anonymous_0)
FN:16,(anonymous_1)
FN:21,(anonymous_2)
FN:26,(anonymous_3)
FN:32,(anonymous_4)
FN:33,(anonymous_5)
FN:38,(anonymous_6)
FN:55,(anonymous_7)
FN:84,(anonymous_8)
FN:104,(anonymous_9)
FN:105,(anonymous_10)
FNF:11
FNH:11
FNDA:7,(anonymous_0)
FNDA:1,(anonymous_1)
FNDA:1,(anonymous_2)
FNDA:1,(anonymous_3)
FNDA:1,(anonymous_4)
FNDA:2,(anonymous_5)
FNDA:1,(anonymous_6)
FNDA:6,(anonymous_7)
FNDA:7,(anonymous_8)
FNDA:11,(anonymous_9)
FNDA:14,(anonymous_10)
DA:6,7
DA:7,7
DA:8,7
DA:9,7
DA:11,7
DA:16,2
DA:17,1
DA:21,2
DA:22,1
DA:26,2
DA:27,1
DA:28,1
DA:32,2
DA:33,2
DA:34,1
DA:38,2
DA:39,1
DA:46,1
DA:55,2
DA:57,6
DA:58,5
DA:63,5
DA:70,1
DA:76,1
DA:84,2
DA:85,7
DA:86,7
DA:88,7
DA:89,1
DA:91,6
DA:92,6
DA:94,6
DA:95,6
DA:96,6
DA:97,6
DA:99,6
DA:104,2
DA:105,11
DA:106,14
LF:39
LH:39
BRDA:8,0,0,6
BRDA:8,0,1,1
BRDA:57,1,0,5
BRDA:57,1,1,1
BRDA:85,2,0,7
BRDA:85,2,1,5
BRDA:86,3,0,7
BRDA:86,3,1,5
BRDA:88,4,0,1
BRDA:88,4,1,6
BRDA:94,5,0,1
BRDA:94,5,1,5
BRDA:95,6,0,1
BRDA:95,6,1,5
BRDA:96,7,0,1
BRDA:96,7,1,5
BRDA:97,8,0,1
BRDA:97,8,1,5
BRF:18
BRH:18
end_of_record
TN:
SF:middleware/validateMiddleware.js
FN:4,(anonymous_0)
FN:15,(anonymous_1)
FNF:2
FNH:2
FNDA:7,(anonymous_0)
FNDA:4,(anonymous_1)
DA:4,1
DA:5,7
DA:6,7
DA:7,5
DA:9,2
DA:13,1
DA:16,4
DA:17,1
DA:20,3
DA:27,3
DA:28,1
DA:31,2
DA:32,2
DA:33,1
DA:36,1
DA:42,1
LF:16
LH:16
BRDA:6,0,0,5
BRDA:6,0,1,2
BRDA:16,1,0,1
BRDA:16,1,1,3
BRDA:27,2,0,1
BRDA:27,2,1,2
BRDA:32,3,0,1
BRDA:32,3,1,1
BRF:8
BRH:8
end_of_record
TN:
SF:models/User.js
FNF:0
FNH:0
DA:3,6
DA:79,6
LF:2
LH:2
BRF:0
BRH:0
end_of_record
TN:
SF:routes/apiRoutes.js
FN:58,(anonymous_0)
FN:60,(anonymous_1)
FN:61,(anonymous_2)
FNF:3
FNH:3
FNDA:4,(anonymous_0)
FNDA:4,(anonymous_1)
FNDA:3,(anonymous_2)
DA:17,1
DA:18,1
DA:21,1
DA:22,1
DA:25,1
DA:31,1
DA:34,1
DA:40,1
DA:45,1
DA:50,1
DA:56,1
DA:59,4
DA:60,4
DA:61,4
DA:62,3
DA:63,0
DA:65,3
DA:69,3
DA:70,0
DA:73,3
DA:74,0
DA:78,3
DA:79,3
DA:81,1
DA:82,1
DA:83,1
DA:85,0
DA:88,1
DA:91,2
DA:92,2
DA:100,2
DA:107,2
DA:108,2
DA:110,1
DA:113,2
DA:118,0
DA:119,0
DA:120,0
DA:122,0
DA:125,0
LF:40
LH:31
BRDA:62,0,0,0
BRDA:62,0,1,3
BRDA:69,1,0,0
BRDA:69,1,1,3
BRDA:73,2,0,0
BRDA:73,2,1,3
BRDA:81,3,0,1
BRDA:81,3,1,0
BRDA:81,4,0,1
BRDA:81,4,1,1
BRDA:118,5,0,0
BRDA:118,5,1,0
BRDA:118,6,0,0
BRDA:118,6,1,0
BRF:14
BRH:6
end_of_record
